Traceback (most recent call last):
  File "D:\Data_Science_Lab\Data_Project_Capstone_IBM\venv\lib\site-packages\nbclient\client.py", line 778, in _async_poll_for_reply
    msg = await ensure_async(self.kc.shell_channel.get_msg(timeout=new_timeout))
  File "D:\Data_Science_Lab\Data_Project_Capstone_IBM\venv\lib\site-packages\jupyter_core\utils\__init__.py", line 214, in ensure_async
    result = await obj
  File "D:\Data_Science_Lab\Data_Project_Capstone_IBM\venv\lib\site-packages\jupyter_client\channels.py", line 316, in get_msg
    raise Empty
_queue.Empty

During handling of the above exception, another exception occurred:

Traceback (most recent call last):
  File "D:\Data_Science_Lab\Data_Project_Capstone_IBM\venv\lib\site-packages\jupyter_cache\executors\utils.py", line 58, in single_nb_execution
    executenb(
  File "D:\Data_Science_Lab\Data_Project_Capstone_IBM\venv\lib\site-packages\nbclient\client.py", line 1305, in execute
    return NotebookClient(nb=nb, resources=resources, km=km, **kwargs).execute()
  File "D:\Data_Science_Lab\Data_Project_Capstone_IBM\venv\lib\site-packages\jupyter_core\utils\__init__.py", line 165, in wrapped
    return loop.run_until_complete(inner)
  File "C:\Users\HP\AppData\Local\Programs\Python\Python310\lib\asyncio\base_events.py", line 641, in run_until_complete
    return future.result()
  File "D:\Data_Science_Lab\Data_Project_Capstone_IBM\venv\lib\site-packages\nbclient\client.py", line 705, in async_execute
    await self.async_execute_cell(
  File "D:\Data_Science_Lab\Data_Project_Capstone_IBM\venv\lib\site-packages\nbclient\client.py", line 1001, in async_execute_cell
    exec_reply = await self.task_poll_for_reply
  File "D:\Data_Science_Lab\Data_Project_Capstone_IBM\venv\lib\site-packages\nbclient\client.py", line 802, in _async_poll_for_reply
    error_on_timeout_execute_reply = await self._async_handle_timeout(timeout, cell)
  File "D:\Data_Science_Lab\Data_Project_Capstone_IBM\venv\lib\site-packages\nbclient\client.py", line 852, in _async_handle_timeout
    raise CellTimeoutError.error_from_timeout_and_cell(
nbclient.exceptions.CellTimeoutError: A cell timed out while it was being executed, after 30 seconds.
The message was: Cell execution timed out.
Here is a preview of the cell contents:
-------------------
['import sys', "sys.path.insert(0, '../src')", '', 'import pandas as pd', 'import numpy as np']
...
["FIGURES = Path('../reports/figures')", 'FIGURES.mkdir(parents=True, exist_ok=True)', '', "plt.rcParams['figure.dpi'] = 120", "print('Modules chargés ✓')"]
-------------------

